<?xml version="1.0" encoding="UTF-8"?>
<!-- Generated by org.testng.reporters.JUnitXMLReporter -->
<testsuite ignored="0" hostname="DESKTOP-2Q4NOHC" failures="0" tests="3" name="Default test" time="6.048" errors="0" timestamp="2024-07-19T12:47:41 IST">
  <testcase classname="testCases.TC_001_HomeTest" name="testAcceptCookies" time="0.167"/>
  <testcase classname="testCases.TC_001_HomeTest" name="testVerifyCookies" time="0.031"/>
  <testcase classname="testCases.TC_001_HomeTest" name="testVerifyHomepageTitle" time="0.007"/>
</testsuite> <!-- Default test -->
