<?xml version="1.0" encoding="UTF-8"?>
<testng-results ignored="0" total="3" passed="3" failed="0" skipped="0">
  <reporter-output>
  </reporter-output>
  <suite started-at="2024-07-19T12:52:46 IST" name="Suite" finished-at="2024-07-19T12:52:52 IST" duration-ms="6564">
    <groups>
    </groups>
    <test started-at="2024-07-19T12:52:46 IST" name="Test" finished-at="2024-07-19T12:52:52 IST" duration-ms="6564">
      <class name="testCases.TC_001_HomeTest">
        <test-method is-config="true" signature="setUp()[pri:0, instance:testCases.TC_001_HomeTest@2b40ff9c]" started-at="2024-07-19T12:52:46 IST" name="setUp" finished-at="2024-07-19T12:52:52 IST" duration-ms="6156" status="PASS">
          <reporter-output>
          </reporter-output>
        </test-method> <!-- setUp -->
        <test-method signature="testAcceptCookies()[pri:0, instance:testCases.TC_001_HomeTest@2b40ff9c]" started-at="2024-07-19T12:52:52 IST" name="testAcceptCookies" finished-at="2024-07-19T12:52:52 IST" duration-ms="171" status="PASS">
          <reporter-output>
          </reporter-output>
        </test-method> <!-- testAcceptCookies -->
        <test-method signature="testVerifyCookies()[pri:0, instance:testCases.TC_001_HomeTest@2b40ff9c]" started-at="2024-07-19T12:52:52 IST" name="testVerifyCookies" finished-at="2024-07-19T12:52:52 IST" duration-ms="38" status="PASS">
          <reporter-output>
          </reporter-output>
        </test-method> <!-- testVerifyCookies -->
        <test-method signature="testVerifyHomepageTitle()[pri:0, instance:testCases.TC_001_HomeTest@2b40ff9c]" started-at="2024-07-19T12:52:52 IST" name="testVerifyHomepageTitle" finished-at="2024-07-19T12:52:52 IST" duration-ms="13" status="PASS">
          <reporter-output>
          </reporter-output>
        </test-method> <!-- testVerifyHomepageTitle -->
        <test-method is-config="true" signature="tearDown()[pri:0, instance:testCases.TC_001_HomeTest@2b40ff9c]" started-at="2024-07-19T12:52:52 IST" name="tearDown" finished-at="2024-07-19T12:52:52 IST" duration-ms="148" status="PASS">
          <reporter-output>
          </reporter-output>
        </test-method> <!-- tearDown -->
      </class> <!-- testCases.TC_001_HomeTest -->
    </test> <!-- Test -->
  </suite> <!-- Suite -->
</testng-results>
